(02/27/13 16:02:02) Read Settings.xml
(02/27/13 16:02:02) Deleting statsfile
(02/27/13 16:02:02) Settings file has something in it...
(02/27/13 16:02:03) Dumping banks
(02/27/13 16:02:03) Dumped 1 banks in 0.17 seconds
(02/27/13 16:02:03) Saving statsfile
(02/27/13 16:02:03) Wrote statsfile in 0 seconds!
(02/27/13 16:02:03) Generated statsfile...
(02/27/13 16:07:33) Read Settings.xml
(02/27/13 16:07:33) Deleting statsfile
(02/27/13 16:07:33) Settings file has something in it...
(02/27/13 16:07:34) Dumping banks
(02/27/13 16:07:34) Dumped 1 banks in 0.11 seconds
(02/27/13 16:07:34) Saving statsfile
(02/27/13 16:07:34) Wrote statsfile in 0 seconds!
(02/27/13 16:07:34) Generated statsfile...
(02/27/13 16:08:59) Read Settings.xml
(02/27/13 16:08:59) Deleting statsfile
(02/27/13 16:08:59) Settings file has something in it...
(02/27/13 16:08:59) Dumping banks
(02/27/13 16:08:59) Dumped 1 banks in 0.09 seconds
(02/27/13 16:08:59) Saving statsfile
(02/27/13 16:08:59) Wrote statsfile in 0 seconds!
(02/27/13 16:08:59) Generated statsfile...
(02/27/13 16:15:31) Read Settings.xml
(02/27/13 16:15:31) Deleting statsfile
(02/27/13 16:15:31) Settings file has something in it...
(02/27/13 16:15:32) Dumping banks
(02/27/13 16:15:32) Dumped 1 banks in 0.09 seconds
(02/27/13 16:15:32) Saving statsfile
(02/27/13 16:15:32) Wrote statsfile in 0 seconds!
(02/27/13 16:15:32) Generated statsfile...
(02/27/13 16:47:28) Read Settings.xml
(02/27/13 16:47:28) Deleting statsfile
(02/27/13 16:47:28) Settings file has something in it...
(02/27/13 16:47:29) Dumping banks
(02/27/13 16:47:29) Dumped 1 banks in 0.09 seconds
(02/27/13 16:47:29) Saving statsfile
(02/27/13 16:47:29) Wrote statsfile in 0 seconds!
(02/27/13 16:47:29) Generated statsfile...
(02/27/13 17:14:48) Read Settings.xml
(02/27/13 17:14:49) Deleting statsfile
(02/27/13 17:14:49) Settings file has something in it...
(02/27/13 17:14:49) Dumping banks
(02/27/13 17:14:49) Dumped 1 banks in 0.09 seconds
(02/27/13 17:14:49) Dumping skills
(02/27/13 17:14:49) Dumped 1 skills records in 0.08 seconds!
(02/27/13 17:14:49) Saving statsfile
(02/27/13 17:14:49) Wrote statsfile in 0 seconds!
(02/27/13 17:14:49) Generated statsfile...
(02/27/13 17:58:19) Read Settings.xml
(02/27/13 17:58:19) Deleting statsfile
(02/27/13 17:58:19) Settings file has something in it...
(02/27/13 17:58:20) Dumping banks
(02/27/13 17:58:20) Dumped 1 banks in 0.11 seconds
(02/27/13 17:58:20) Dumping skills
(02/27/13 17:58:20) Dumped 1 skills records in 0.1 seconds!
(02/27/13 17:58:20) Saving statsfile
(02/27/13 17:58:20) Wrote statsfile in 0 seconds!
(02/27/13 17:58:20) Generated statsfile...
(02/27/13 17:59:11) Read Settings.xml
(02/27/13 17:59:11) Deleting statsfile
(02/27/13 17:59:11) Settings file has something in it...
(02/27/13 17:59:12) Dumping banks
(02/27/13 17:59:12) Dumped 1 banks in 0.09 seconds
(02/27/13 17:59:12) Dumping skills
(02/27/13 17:59:12) Dumped 1 skills records in 0.08 seconds!
(02/27/13 17:59:12) Saving statsfile
(02/27/13 17:59:12) Wrote statsfile in 0 seconds!
(02/27/13 17:59:12) Generated statsfile...
(02/28/13 15:05:11) Read Settings.xml
(02/28/13 15:05:11) Deleting statsfile
(02/28/13 15:05:11) Settings file has something in it...
(02/28/13 15:05:13) Dumping banks
(02/28/13 15:05:13) Dumped 1 banks in 0.47 seconds
(02/28/13 15:05:13) Dumping skills
(02/28/13 15:05:13) Dumped 1 skills records in 0.12 seconds!
(02/28/13 15:05:13) Saving statsfile
(02/28/13 15:05:13) Wrote statsfile in 0 seconds!
(02/28/13 15:05:13) Generated statsfile...
(02/28/13 15:05:47) Read Settings.xml
(02/28/13 15:05:47) Deleting statsfile
(02/28/13 15:05:47) Settings file has something in it...
(02/28/13 15:05:48) Dumping banks
(02/28/13 15:05:48) Dumped 1 banks in 0.12 seconds
(02/28/13 15:05:48) Dumping skills
(02/28/13 15:05:48) Dumped 1 skills records in 0.15 seconds!
(02/28/13 15:05:48) Saving statsfile
(02/28/13 15:05:48) Wrote statsfile in 0 seconds!
(02/28/13 15:05:48) Generated statsfile...
(02/28/13 15:13:27) Read Settings.xml
(02/28/13 15:13:27) Deleting statsfile
(02/28/13 15:13:27) Settings file has something in it...
(02/28/13 15:13:28) Dumping banks
(02/28/13 15:13:28) Dumped 1 banks in 0.11 seconds
(02/28/13 15:13:28) Dumping skills
(02/28/13 15:13:28) Dumped 1 skills records in 0.12 seconds!
(02/28/13 15:13:28) Saving statsfile
(02/28/13 15:13:28) Wrote statsfile in 0 seconds!
(02/28/13 15:13:28) Generated statsfile...
(02/28/13 15:26:28) Read Settings.xml
(02/28/13 15:26:28) Deleting statsfile
(02/28/13 15:26:28) Settings file has something in it...
(02/28/13 15:26:29) Dumping banks
(02/28/13 15:26:29) Dumped 1 banks in 0.11 seconds
(02/28/13 15:26:29) Dumping skills
(02/28/13 15:26:29) Dumped 1 skills records in 0.1 seconds!
(02/28/13 15:26:29) Saving statsfile
(02/28/13 15:26:29) Wrote statsfile in 0 seconds!
(02/28/13 15:26:29) Generated statsfile...
(02/28/13 15:27:34) Read Settings.xml
(02/28/13 15:27:34) Deleting statsfile
(02/28/13 15:27:35) Settings file has something in it...
(02/28/13 15:27:35) Dumping banks
(02/28/13 15:27:35) Dumped 1 banks in 0.11 seconds
(02/28/13 15:27:35) Dumping skills
(02/28/13 15:27:35) Dumped 1 skills records in 0.08 seconds!
(02/28/13 15:27:35) Saving statsfile
(02/28/13 15:27:35) Wrote statsfile in 0 seconds!
(02/28/13 15:27:35) Generated statsfile...
(02/28/13 15:30:45) Read Settings.xml
(02/28/13 15:30:45) Deleting statsfile
(02/28/13 15:30:45) Settings file has something in it...
(02/28/13 15:30:46) Dumping banks
(02/28/13 15:30:46) Dumped 1 banks in 0.12 seconds
(02/28/13 15:30:46) Dumping skills
(02/28/13 15:30:46) Dumped 1 skills records in 0.15 seconds!
(02/28/13 15:30:46) Saving statsfile
(02/28/13 15:30:46) Wrote statsfile in 0 seconds!
(02/28/13 15:30:46) Generated statsfile...
(02/28/13 15:44:48) Read Settings.xml
(02/28/13 15:44:48) Deleting statsfile
(02/28/13 15:44:49) Settings file has something in it...
(02/28/13 15:44:50) Dumping banks
(02/28/13 15:44:50) Dumped 1 banks in 0.09 seconds
(02/28/13 15:44:50) Dumping skills
(02/28/13 15:44:50) Dumped 1 skills records in 0.12 seconds!
(02/28/13 15:44:50) Saving statsfile
(02/28/13 15:44:50) Wrote statsfile in 0 seconds!
(02/28/13 15:44:50) Generated statsfile...
(02/28/13 15:57:39) Read Settings.xml
(02/28/13 15:57:39) Deleting statsfile
(02/28/13 15:57:39) Settings file has something in it...
(02/28/13 15:57:40) Dumping banks
(02/28/13 15:57:40) Dumped 1 banks in 0.09 seconds
(02/28/13 15:57:40) Dumping storages
(02/28/13 15:57:40) Dumped 5 storage records in 0 seconds!
(02/28/13 15:57:40) Dumping skills
(02/28/13 15:57:40) Dumped 1 skills records in 0.08 seconds!
(02/28/13 15:57:40) Saving statsfile
(02/28/13 15:57:40) Wrote statsfile in 0 seconds!
(02/28/13 15:57:40) Generated statsfile...
(02/28/13 16:01:49) Read Settings.xml
(02/28/13 16:01:49) Deleting statsfile
(02/28/13 16:01:49) Settings file has something in it...
(02/28/13 16:01:50) Dumping banks
(02/28/13 16:01:50) Dumped 1 banks in 0.09 seconds
(02/28/13 16:01:50) Dumping storages
(02/28/13 16:01:50) Dumped 5 storage records in 0 seconds!
(02/28/13 16:01:50) Dumping skills
(02/28/13 16:01:50) Dumped 1 skills records in 0.08 seconds!
(02/28/13 16:01:50) Saving statsfile
(02/28/13 16:01:50) Wrote statsfile in 0 seconds!
(02/28/13 16:01:50) Generated statsfile...
(02/28/13 16:02:19) Read Settings.xml
(02/28/13 16:02:19) Deleting statsfile
(02/28/13 16:02:19) Settings file has something in it...
(02/28/13 16:02:20) Dumping banks
(02/28/13 16:02:20) Dumped 1 banks in 0.12 seconds
(02/28/13 16:02:20) Dumping storages
(02/28/13 16:02:20) Dumped 5 storage records in 0 seconds!
(02/28/13 16:02:20) Dumping skills
(02/28/13 16:02:20) Dumped 1 skills records in 0.12 seconds!
(02/28/13 16:02:20) Saving statsfile
(02/28/13 16:02:20) Wrote statsfile in 0 seconds!
(02/28/13 16:02:20) Generated statsfile...
