(02/27/13 15:49:40) Read Settings.xml
(02/27/13 15:49:40) Deleting statsfile
(02/27/13 15:49:40) Settings file has something in it...
(02/27/13 15:49:41) Dumping banks
(02/27/13 15:49:41) Dumped 3 banks in 0.14 seconds
(02/27/13 15:49:41) Dumping licenses
(02/27/13 15:49:41) Dumped 1 license records in 0.03 seconds!
(02/27/13 15:49:41) Dumping storages
(02/27/13 15:49:41) Dumped 1 storage records in 0 seconds!
(02/27/13 15:49:41) Dumping skills
(02/27/13 15:49:41) Dumped 2 skills records in 0.15 seconds!
(02/27/13 15:49:41) Saving statsfile
(02/27/13 15:49:41) Wrote statsfile in 0 seconds!
(02/27/13 15:49:41) Generated statsfile...
(02/27/13 15:51:18) Read Settings.xml
(02/27/13 15:51:18) Deleting statsfile
(02/27/13 15:51:18) Settings file has something in it...
(02/27/13 15:51:19) Saving statsfile
(02/27/13 15:51:19) Wrote statsfile in 0 seconds!
(02/27/13 15:51:19) Generated statsfile...
(02/27/13 15:52:22) Read Settings.xml
(02/27/13 15:52:22) Deleting statsfile
(02/27/13 15:52:22) Settings file has something in it...
(02/27/13 15:52:22) Dumping banks
(02/27/13 15:52:22) Dumped 1 banks in 0.12 seconds
(02/27/13 15:52:22) Saving statsfile
(02/27/13 15:52:22) Wrote statsfile in 0 seconds!
(02/27/13 15:52:22) Generated statsfile...
